2018-08-26 09:35:38.730 [ main ] - [ INFO  ] [ com.tank.App : 50 ] - Starting App on Tank.local with PID 5809 (/Users/fuchun/Javadone/sb_spike/target/classes started by fuchun in /Users/fuchun/Javadone/sb_spike)
2018-08-26 09:35:38.747 [ main ] - [ INFO  ] [ com.tank.App : 659 ] - No active profile set, falling back to default profiles: default
2018-08-26 09:35:38.913 [ main ] - [ INFO  ] [ o.s.b.w.s.c.AnnotationConfigServletWebServerApplicationContext : 590 ] - Refreshing org.springframework.boot.web.servlet.context.AnnotationConfigServletWebServerApplicationContext@4562e04d: startup date [Sun Aug 26 09:35:38 CST 2018]; root of context hierarchy
2018-08-26 09:35:40.898 [ main ] - [ INFO  ] [ o.s.boot.web.embedded.tomcat.TomcatWebServer : 91 ] - Tomcat initialized with port(s): 8080 (http)
2018-08-26 09:35:40.932 [ main ] - [ INFO  ] [ org.apache.coyote.http11.Http11NioProtocol : 180 ] - Initializing ProtocolHandler ["http-nio-8080"]
2018-08-26 09:35:40.956 [ main ] - [ INFO  ] [ org.apache.catalina.core.StandardService : 180 ] - Starting service [Tomcat]
2018-08-26 09:35:40.956 [ main ] - [ INFO  ] [ org.apache.catalina.core.StandardEngine : 180 ] - Starting Servlet Engine: Apache Tomcat/8.5.31
2018-08-26 09:35:41.017 [ localhost-startStop-1 ] - [ INFO  ] [ org.apache.catalina.core.AprLifecycleListener : 180 ] - The APR based Apache Tomcat Native library which allows optimal performance in production environments was not found on the java.library.path: [/Users/fuchun/Library/Java/Extensions:/Library/Java/Extensions:/Network/Library/Java/Extensions:/System/Library/Java/Extensions:/usr/lib/java:.]
2018-08-26 09:35:41.193 [ localhost-startStop-1 ] - [ INFO  ] [ o.a.c.core.ContainerBase.[Tomcat].[localhost].[/] : 180 ] - Initializing Spring embedded WebApplicationContext
2018-08-26 09:35:41.195 [ localhost-startStop-1 ] - [ INFO  ] [ org.springframework.web.context.ContextLoader : 285 ] - Root WebApplicationContext: initialization completed in 2282 ms
2018-08-26 09:35:41.410 [ localhost-startStop-1 ] - [ INFO  ] [ o.s.boot.web.servlet.ServletRegistrationBean : 186 ] - Servlet dispatcherServlet mapped to [/]
2018-08-26 09:35:41.415 [ localhost-startStop-1 ] - [ INFO  ] [ o.s.boot.web.servlet.FilterRegistrationBean : 245 ] - Mapping filter: 'characterEncodingFilter' to: [/*]
2018-08-26 09:35:41.416 [ localhost-startStop-1 ] - [ INFO  ] [ o.s.boot.web.servlet.FilterRegistrationBean : 245 ] - Mapping filter: 'hiddenHttpMethodFilter' to: [/*]
2018-08-26 09:35:41.417 [ localhost-startStop-1 ] - [ INFO  ] [ o.s.boot.web.servlet.FilterRegistrationBean : 245 ] - Mapping filter: 'httpPutFormContentFilter' to: [/*]
2018-08-26 09:35:41.418 [ localhost-startStop-1 ] - [ INFO  ] [ o.s.boot.web.servlet.FilterRegistrationBean : 245 ] - Mapping filter: 'requestContextFilter' to: [/*]
2018-08-26 09:35:41.419 [ localhost-startStop-1 ] - [ INFO  ] [ o.s.boot.web.servlet.FilterRegistrationBean : 258 ] - Mapping filter: 'loginFilter' to urls: [/api/*]
2018-08-26 09:35:41.455 [ localhost-startStop-1 ] - [ INFO  ] [ com.tank.common.filter.TokenFilter : 25 ] - ...init loginFilter....
2018-08-26 09:35:41.883 [ main ] - [ INFO  ] [ o.s.web.servlet.handler.SimpleUrlHandlerMapping : 373 ] - Mapped URL path [/**/favicon.ico] onto handler of type [class org.springframework.web.servlet.resource.ResourceHttpRequestHandler]
2018-08-26 09:35:41.985 [ main ] - [ INFO  ] [ o.s.w.s.m.m.a.RequestMappingHandlerAdapter : 574 ] - Looking for @ControllerAdvice: org.springframework.boot.web.servlet.context.AnnotationConfigServletWebServerApplicationContext@4562e04d: startup date [Sun Aug 26 09:35:38 CST 2018]; root of context hierarchy
2018-08-26 09:35:42.126 [ main ] - [ INFO  ] [ o.s.w.s.m.m.a.RequestMappingHandlerMapping : 547 ] - Mapped "{[/api/datasource/create],methods=[POST]}" onto public org.springframework.http.ResponseEntity com.tank.controller.datasource.DataSourceController.create(java.util.Map<java.lang.String, java.lang.Object>)
2018-08-26 09:35:42.129 [ main ] - [ INFO  ] [ o.s.w.s.m.m.a.RequestMappingHandlerMapping : 547 ] - Mapped "{[/api/datasource/list],methods=[GET]}" onto public org.springframework.http.ResponseEntity com.tank.controller.datasource.DataSourceController.list()
2018-08-26 09:35:42.132 [ main ] - [ INFO  ] [ o.s.w.s.m.m.a.RequestMappingHandlerMapping : 547 ] - Mapped "{[/api/datasource/{id}/record],methods=[GET]}" onto public org.springframework.http.ResponseEntity com.tank.controller.datasource.DataSourceController.findBy(java.lang.String)
2018-08-26 09:35:42.142 [ main ] - [ INFO  ] [ o.s.w.s.m.m.a.RequestMappingHandlerMapping : 547 ] - Mapped "{[/error]}" onto public org.springframework.http.ResponseEntity<java.util.Map<java.lang.String, java.lang.Object>> org.springframework.boot.autoconfigure.web.servlet.error.BasicErrorController.error(javax.servlet.http.HttpServletRequest)
2018-08-26 09:35:42.143 [ main ] - [ INFO  ] [ o.s.w.s.m.m.a.RequestMappingHandlerMapping : 547 ] - Mapped "{[/error],produces=[text/html]}" onto public org.springframework.web.servlet.ModelAndView org.springframework.boot.autoconfigure.web.servlet.error.BasicErrorController.errorHtml(javax.servlet.http.HttpServletRequest,javax.servlet.http.HttpServletResponse)
2018-08-26 09:35:42.197 [ main ] - [ INFO  ] [ o.s.web.servlet.handler.SimpleUrlHandlerMapping : 373 ] - Mapped URL path [/webjars/**] onto handler of type [class org.springframework.web.servlet.resource.ResourceHttpRequestHandler]
2018-08-26 09:35:42.197 [ main ] - [ INFO  ] [ o.s.web.servlet.handler.SimpleUrlHandlerMapping : 373 ] - Mapped URL path [/**] onto handler of type [class org.springframework.web.servlet.resource.ResourceHttpRequestHandler]
2018-08-26 09:35:42.222 [ main ] - [ INFO  ] [ o.s.w.s.m.m.a.ExceptionHandlerExceptionResolver : 288 ] - Detected @ExceptionHandler methods in globalExceptionHandler
2018-08-26 09:35:42.596 [ main ] - [ INFO  ] [ o.s.jmx.export.annotation.AnnotationMBeanExporter : 433 ] - Registering beans for JMX exposure on startup
2018-08-26 09:35:42.630 [ main ] - [ INFO  ] [ org.apache.coyote.http11.Http11NioProtocol : 180 ] - Starting ProtocolHandler ["http-nio-8080"]
2018-08-26 09:35:42.665 [ main ] - [ INFO  ] [ org.apache.tomcat.util.net.NioSelectorPool : 180 ] - Using a shared selector for servlet write/read
2018-08-26 09:35:42.679 [ main ] - [ INFO  ] [ o.s.boot.web.embedded.tomcat.TomcatWebServer : 206 ] - Tomcat started on port(s): 8080 (http) with context path ''
2018-08-26 09:35:42.686 [ main ] - [ INFO  ] [ com.tank.App : 59 ] - Started App in 5.296 seconds (JVM running for 6.614)
2018-08-26 09:36:32.780 [ http-nio-8080-exec-1 ] - [ INFO  ] [ o.a.c.core.ContainerBase.[Tomcat].[localhost].[/] : 180 ] - Initializing Spring FrameworkServlet 'dispatcherServlet'
2018-08-26 09:36:32.781 [ http-nio-8080-exec-1 ] - [ INFO  ] [ org.springframework.web.servlet.DispatcherServlet : 494 ] - FrameworkServlet 'dispatcherServlet': initialization started
2018-08-26 09:36:32.804 [ http-nio-8080-exec-1 ] - [ INFO  ] [ org.springframework.web.servlet.DispatcherServlet : 509 ] - FrameworkServlet 'dispatcherServlet': initialization completed in 23 ms
2018-08-26 09:41:00.913 [ Thread-3 ] - [ INFO  ] [ o.s.b.w.s.c.AnnotationConfigServletWebServerApplicationContext : 993 ] - Closing org.springframework.boot.web.servlet.context.AnnotationConfigServletWebServerApplicationContext@4562e04d: startup date [Sun Aug 26 09:35:38 CST 2018]; root of context hierarchy
2018-08-26 09:41:00.917 [ Thread-3 ] - [ INFO  ] [ o.s.jmx.export.annotation.AnnotationMBeanExporter : 451 ] - Unregistering JMX-exposed beans on shutdown
2018-08-26 09:41:00.931 [ localhost-startStop-2 ] - [ INFO  ] [ com.tank.common.filter.TokenFilter : 57 ] - ....destroy login filter loaded resource
2018-08-26 09:41:09.578 [ main ] - [ INFO  ] [ com.tank.App : 50 ] - Starting App on Tank.local with PID 5907 (/Users/fuchun/Javadone/sb_spike/target/classes started by fuchun in /Users/fuchun/Javadone/sb_spike)
2018-08-26 09:41:09.586 [ main ] - [ INFO  ] [ com.tank.App : 659 ] - No active profile set, falling back to default profiles: default
2018-08-26 09:41:09.729 [ main ] - [ INFO  ] [ o.s.b.w.s.c.AnnotationConfigServletWebServerApplicationContext : 590 ] - Refreshing org.springframework.boot.web.servlet.context.AnnotationConfigServletWebServerApplicationContext@3023df74: startup date [Sun Aug 26 09:41:09 CST 2018]; root of context hierarchy
2018-08-26 09:41:12.524 [ main ] - [ INFO  ] [ o.s.boot.web.embedded.tomcat.TomcatWebServer : 91 ] - Tomcat initialized with port(s): 8080 (http)
2018-08-26 09:41:12.546 [ main ] - [ INFO  ] [ org.apache.coyote.http11.Http11NioProtocol : 180 ] - Initializing ProtocolHandler ["http-nio-8080"]
2018-08-26 09:41:12.604 [ main ] - [ INFO  ] [ org.apache.catalina.core.StandardService : 180 ] - Starting service [Tomcat]
2018-08-26 09:41:12.604 [ main ] - [ INFO  ] [ org.apache.catalina.core.StandardEngine : 180 ] - Starting Servlet Engine: Apache Tomcat/8.5.31
2018-08-26 09:41:12.621 [ localhost-startStop-1 ] - [ INFO  ] [ org.apache.catalina.core.AprLifecycleListener : 180 ] - The APR based Apache Tomcat Native library which allows optimal performance in production environments was not found on the java.library.path: [/Users/fuchun/Library/Java/Extensions:/Library/Java/Extensions:/Network/Library/Java/Extensions:/System/Library/Java/Extensions:/usr/lib/java:.]
2018-08-26 09:41:12.806 [ localhost-startStop-1 ] - [ INFO  ] [ o.a.c.core.ContainerBase.[Tomcat].[localhost].[/] : 180 ] - Initializing Spring embedded WebApplicationContext
2018-08-26 09:41:12.807 [ localhost-startStop-1 ] - [ INFO  ] [ org.springframework.web.context.ContextLoader : 285 ] - Root WebApplicationContext: initialization completed in 3078 ms
2018-08-26 09:41:13.090 [ localhost-startStop-1 ] - [ INFO  ] [ o.s.boot.web.servlet.ServletRegistrationBean : 186 ] - Servlet dispatcherServlet mapped to [/]
2018-08-26 09:41:13.096 [ localhost-startStop-1 ] - [ INFO  ] [ o.s.boot.web.servlet.FilterRegistrationBean : 245 ] - Mapping filter: 'characterEncodingFilter' to: [/*]
2018-08-26 09:41:13.106 [ localhost-startStop-1 ] - [ INFO  ] [ o.s.boot.web.servlet.FilterRegistrationBean : 245 ] - Mapping filter: 'hiddenHttpMethodFilter' to: [/*]
2018-08-26 09:41:13.106 [ localhost-startStop-1 ] - [ INFO  ] [ o.s.boot.web.servlet.FilterRegistrationBean : 245 ] - Mapping filter: 'httpPutFormContentFilter' to: [/*]
2018-08-26 09:41:13.107 [ localhost-startStop-1 ] - [ INFO  ] [ o.s.boot.web.servlet.FilterRegistrationBean : 245 ] - Mapping filter: 'requestContextFilter' to: [/*]
2018-08-26 09:41:13.107 [ localhost-startStop-1 ] - [ INFO  ] [ o.s.boot.web.servlet.FilterRegistrationBean : 258 ] - Mapping filter: 'loginFilter' to urls: [/api/*]
2018-08-26 09:41:13.134 [ localhost-startStop-1 ] - [ INFO  ] [ com.tank.common.filter.TokenFilter : 27 ] - ...init loginFilter....
2018-08-26 09:41:13.515 [ main ] - [ INFO  ] [ o.s.web.servlet.handler.SimpleUrlHandlerMapping : 373 ] - Mapped URL path [/**/favicon.ico] onto handler of type [class org.springframework.web.servlet.resource.ResourceHttpRequestHandler]
2018-08-26 09:41:13.638 [ main ] - [ INFO  ] [ o.s.w.s.m.m.a.RequestMappingHandlerAdapter : 574 ] - Looking for @ControllerAdvice: org.springframework.boot.web.servlet.context.AnnotationConfigServletWebServerApplicationContext@3023df74: startup date [Sun Aug 26 09:41:09 CST 2018]; root of context hierarchy
2018-08-26 09:41:13.774 [ main ] - [ INFO  ] [ o.s.w.s.m.m.a.RequestMappingHandlerMapping : 547 ] - Mapped "{[/api/datasource/create],methods=[POST]}" onto public org.springframework.http.ResponseEntity com.tank.controller.datasource.DataSourceController.create(java.util.Map<java.lang.String, java.lang.Object>)
2018-08-26 09:41:13.778 [ main ] - [ INFO  ] [ o.s.w.s.m.m.a.RequestMappingHandlerMapping : 547 ] - Mapped "{[/api/datasource/list],methods=[GET]}" onto public org.springframework.http.ResponseEntity com.tank.controller.datasource.DataSourceController.list()
2018-08-26 09:41:13.779 [ main ] - [ INFO  ] [ o.s.w.s.m.m.a.RequestMappingHandlerMapping : 547 ] - Mapped "{[/api/datasource/{id}/record],methods=[GET]}" onto public org.springframework.http.ResponseEntity com.tank.controller.datasource.DataSourceController.findBy(java.lang.String)
2018-08-26 09:41:13.785 [ main ] - [ INFO  ] [ o.s.w.s.m.m.a.RequestMappingHandlerMapping : 547 ] - Mapped "{[/error]}" onto public org.springframework.http.ResponseEntity<java.util.Map<java.lang.String, java.lang.Object>> org.springframework.boot.autoconfigure.web.servlet.error.BasicErrorController.error(javax.servlet.http.HttpServletRequest)
2018-08-26 09:41:13.787 [ main ] - [ INFO  ] [ o.s.w.s.m.m.a.RequestMappingHandlerMapping : 547 ] - Mapped "{[/error],produces=[text/html]}" onto public org.springframework.web.servlet.ModelAndView org.springframework.boot.autoconfigure.web.servlet.error.BasicErrorController.errorHtml(javax.servlet.http.HttpServletRequest,javax.servlet.http.HttpServletResponse)
2018-08-26 09:41:13.853 [ main ] - [ INFO  ] [ o.s.web.servlet.handler.SimpleUrlHandlerMapping : 373 ] - Mapped URL path [/webjars/**] onto handler of type [class org.springframework.web.servlet.resource.ResourceHttpRequestHandler]
2018-08-26 09:41:13.854 [ main ] - [ INFO  ] [ o.s.web.servlet.handler.SimpleUrlHandlerMapping : 373 ] - Mapped URL path [/**] onto handler of type [class org.springframework.web.servlet.resource.ResourceHttpRequestHandler]
2018-08-26 09:41:13.883 [ main ] - [ INFO  ] [ o.s.w.s.m.m.a.ExceptionHandlerExceptionResolver : 288 ] - Detected @ExceptionHandler methods in globalExceptionHandler
2018-08-26 09:41:14.207 [ main ] - [ INFO  ] [ o.s.jmx.export.annotation.AnnotationMBeanExporter : 433 ] - Registering beans for JMX exposure on startup
2018-08-26 09:41:14.227 [ main ] - [ INFO  ] [ org.apache.coyote.http11.Http11NioProtocol : 180 ] - Starting ProtocolHandler ["http-nio-8080"]
2018-08-26 09:41:14.281 [ main ] - [ INFO  ] [ org.apache.tomcat.util.net.NioSelectorPool : 180 ] - Using a shared selector for servlet write/read
2018-08-26 09:41:14.297 [ main ] - [ INFO  ] [ o.s.boot.web.embedded.tomcat.TomcatWebServer : 206 ] - Tomcat started on port(s): 8080 (http) with context path ''
2018-08-26 09:41:14.302 [ main ] - [ INFO  ] [ com.tank.App : 59 ] - Started App in 5.755 seconds (JVM running for 6.994)
2018-08-26 09:41:18.861 [ http-nio-8080-exec-1 ] - [ INFO  ] [ o.a.c.core.ContainerBase.[Tomcat].[localhost].[/] : 180 ] - Initializing Spring FrameworkServlet 'dispatcherServlet'
2018-08-26 09:41:18.862 [ http-nio-8080-exec-1 ] - [ INFO  ] [ org.springframework.web.servlet.DispatcherServlet : 494 ] - FrameworkServlet 'dispatcherServlet': initialization started
2018-08-26 09:41:18.886 [ http-nio-8080-exec-1 ] - [ INFO  ] [ org.springframework.web.servlet.DispatcherServlet : 509 ] - FrameworkServlet 'dispatcherServlet': initialization completed in 24 ms
2018-08-26 09:42:06.788 [ Thread-3 ] - [ INFO  ] [ o.s.b.w.s.c.AnnotationConfigServletWebServerApplicationContext : 993 ] - Closing org.springframework.boot.web.servlet.context.AnnotationConfigServletWebServerApplicationContext@3023df74: startup date [Sun Aug 26 09:41:09 CST 2018]; root of context hierarchy
2018-08-26 09:42:06.791 [ Thread-3 ] - [ INFO  ] [ o.s.jmx.export.annotation.AnnotationMBeanExporter : 451 ] - Unregistering JMX-exposed beans on shutdown
2018-08-26 09:42:06.801 [ localhost-startStop-2 ] - [ INFO  ] [ com.tank.common.filter.TokenFilter : 59 ] - ....destroy login filter loaded resource
2018-08-26 09:42:09.989 [ main ] - [ INFO  ] [ com.tank.App : 50 ] - Starting App on Tank.local with PID 5928 (/Users/fuchun/Javadone/sb_spike/target/classes started by fuchun in /Users/fuchun/Javadone/sb_spike)
2018-08-26 09:42:09.994 [ main ] - [ INFO  ] [ com.tank.App : 659 ] - No active profile set, falling back to default profiles: default
2018-08-26 09:42:10.136 [ main ] - [ INFO  ] [ o.s.b.w.s.c.AnnotationConfigServletWebServerApplicationContext : 590 ] - Refreshing org.springframework.boot.web.servlet.context.AnnotationConfigServletWebServerApplicationContext@4562e04d: startup date [Sun Aug 26 09:42:10 CST 2018]; root of context hierarchy
2018-08-26 09:42:12.990 [ main ] - [ INFO  ] [ o.s.boot.web.embedded.tomcat.TomcatWebServer : 91 ] - Tomcat initialized with port(s): 8080 (http)
2018-08-26 09:42:13.028 [ main ] - [ INFO  ] [ org.apache.coyote.http11.Http11NioProtocol : 180 ] - Initializing ProtocolHandler ["http-nio-8080"]
2018-08-26 09:42:13.051 [ main ] - [ INFO  ] [ org.apache.catalina.core.StandardService : 180 ] - Starting service [Tomcat]
2018-08-26 09:42:13.051 [ main ] - [ INFO  ] [ org.apache.catalina.core.StandardEngine : 180 ] - Starting Servlet Engine: Apache Tomcat/8.5.31
2018-08-26 09:42:13.065 [ localhost-startStop-1 ] - [ INFO  ] [ org.apache.catalina.core.AprLifecycleListener : 180 ] - The APR based Apache Tomcat Native library which allows optimal performance in production environments was not found on the java.library.path: [/Users/fuchun/Library/Java/Extensions:/Library/Java/Extensions:/Network/Library/Java/Extensions:/System/Library/Java/Extensions:/usr/lib/java:.]
2018-08-26 09:42:13.304 [ localhost-startStop-1 ] - [ INFO  ] [ o.a.c.core.ContainerBase.[Tomcat].[localhost].[/] : 180 ] - Initializing Spring embedded WebApplicationContext
2018-08-26 09:42:13.304 [ localhost-startStop-1 ] - [ INFO  ] [ org.springframework.web.context.ContextLoader : 285 ] - Root WebApplicationContext: initialization completed in 3169 ms
2018-08-26 09:42:13.760 [ localhost-startStop-1 ] - [ INFO  ] [ o.s.boot.web.servlet.ServletRegistrationBean : 186 ] - Servlet dispatcherServlet mapped to [/]
2018-08-26 09:42:13.764 [ localhost-startStop-1 ] - [ INFO  ] [ o.s.boot.web.servlet.FilterRegistrationBean : 245 ] - Mapping filter: 'characterEncodingFilter' to: [/*]
2018-08-26 09:42:13.765 [ localhost-startStop-1 ] - [ INFO  ] [ o.s.boot.web.servlet.FilterRegistrationBean : 245 ] - Mapping filter: 'hiddenHttpMethodFilter' to: [/*]
2018-08-26 09:42:13.765 [ localhost-startStop-1 ] - [ INFO  ] [ o.s.boot.web.servlet.FilterRegistrationBean : 245 ] - Mapping filter: 'httpPutFormContentFilter' to: [/*]
2018-08-26 09:42:13.796 [ localhost-startStop-1 ] - [ INFO  ] [ o.s.boot.web.servlet.FilterRegistrationBean : 245 ] - Mapping filter: 'requestContextFilter' to: [/*]
2018-08-26 09:42:13.796 [ localhost-startStop-1 ] - [ INFO  ] [ o.s.boot.web.servlet.FilterRegistrationBean : 258 ] - Mapping filter: 'loginFilter' to urls: [/api/*]
2018-08-26 09:42:13.861 [ localhost-startStop-1 ] - [ INFO  ] [ com.tank.common.filter.TokenFilter : 27 ] - ...init loginFilter....
2018-08-26 09:42:14.430 [ main ] - [ INFO  ] [ o.s.web.servlet.handler.SimpleUrlHandlerMapping : 373 ] - Mapped URL path [/**/favicon.ico] onto handler of type [class org.springframework.web.servlet.resource.ResourceHttpRequestHandler]
2018-08-26 09:42:14.702 [ main ] - [ INFO  ] [ o.s.w.s.m.m.a.RequestMappingHandlerAdapter : 574 ] - Looking for @ControllerAdvice: org.springframework.boot.web.servlet.context.AnnotationConfigServletWebServerApplicationContext@4562e04d: startup date [Sun Aug 26 09:42:10 CST 2018]; root of context hierarchy
2018-08-26 09:42:14.964 [ main ] - [ INFO  ] [ o.s.w.s.m.m.a.RequestMappingHandlerMapping : 547 ] - Mapped "{[/api/datasource/create],methods=[POST]}" onto public org.springframework.http.ResponseEntity com.tank.controller.datasource.DataSourceController.create(java.util.Map<java.lang.String, java.lang.Object>)
2018-08-26 09:42:14.968 [ main ] - [ INFO  ] [ o.s.w.s.m.m.a.RequestMappingHandlerMapping : 547 ] - Mapped "{[/api/datasource/list],methods=[GET]}" onto public org.springframework.http.ResponseEntity com.tank.controller.datasource.DataSourceController.list()
2018-08-26 09:42:14.968 [ main ] - [ INFO  ] [ o.s.w.s.m.m.a.RequestMappingHandlerMapping : 547 ] - Mapped "{[/api/datasource/{id}/record],methods=[GET]}" onto public org.springframework.http.ResponseEntity com.tank.controller.datasource.DataSourceController.findBy(java.lang.String)
2018-08-26 09:42:14.973 [ main ] - [ INFO  ] [ o.s.w.s.m.m.a.RequestMappingHandlerMapping : 547 ] - Mapped "{[/error]}" onto public org.springframework.http.ResponseEntity<java.util.Map<java.lang.String, java.lang.Object>> org.springframework.boot.autoconfigure.web.servlet.error.BasicErrorController.error(javax.servlet.http.HttpServletRequest)
2018-08-26 09:42:14.996 [ main ] - [ INFO  ] [ o.s.w.s.m.m.a.RequestMappingHandlerMapping : 547 ] - Mapped "{[/error],produces=[text/html]}" onto public org.springframework.web.servlet.ModelAndView org.springframework.boot.autoconfigure.web.servlet.error.BasicErrorController.errorHtml(javax.servlet.http.HttpServletRequest,javax.servlet.http.HttpServletResponse)
2018-08-26 09:42:15.065 [ main ] - [ INFO  ] [ o.s.web.servlet.handler.SimpleUrlHandlerMapping : 373 ] - Mapped URL path [/webjars/**] onto handler of type [class org.springframework.web.servlet.resource.ResourceHttpRequestHandler]
2018-08-26 09:42:15.066 [ main ] - [ INFO  ] [ o.s.web.servlet.handler.SimpleUrlHandlerMapping : 373 ] - Mapped URL path [/**] onto handler of type [class org.springframework.web.servlet.resource.ResourceHttpRequestHandler]
2018-08-26 09:42:15.094 [ main ] - [ INFO  ] [ o.s.w.s.m.m.a.ExceptionHandlerExceptionResolver : 288 ] - Detected @ExceptionHandler methods in globalExceptionHandler
2018-08-26 09:42:15.583 [ main ] - [ INFO  ] [ o.s.jmx.export.annotation.AnnotationMBeanExporter : 433 ] - Registering beans for JMX exposure on startup
2018-08-26 09:42:15.620 [ main ] - [ INFO  ] [ org.apache.coyote.http11.Http11NioProtocol : 180 ] - Starting ProtocolHandler ["http-nio-8080"]
2018-08-26 09:42:15.760 [ main ] - [ INFO  ] [ org.apache.tomcat.util.net.NioSelectorPool : 180 ] - Using a shared selector for servlet write/read
2018-08-26 09:42:15.852 [ main ] - [ INFO  ] [ o.s.boot.web.embedded.tomcat.TomcatWebServer : 206 ] - Tomcat started on port(s): 8080 (http) with context path ''
2018-08-26 09:42:15.880 [ main ] - [ INFO  ] [ com.tank.App : 59 ] - Started App in 6.849 seconds (JVM running for 8.461)
2018-08-26 09:42:19.558 [ http-nio-8080-exec-1 ] - [ INFO  ] [ o.a.c.core.ContainerBase.[Tomcat].[localhost].[/] : 180 ] - Initializing Spring FrameworkServlet 'dispatcherServlet'
2018-08-26 09:42:19.559 [ http-nio-8080-exec-1 ] - [ INFO  ] [ org.springframework.web.servlet.DispatcherServlet : 494 ] - FrameworkServlet 'dispatcherServlet': initialization started
2018-08-26 09:42:19.580 [ http-nio-8080-exec-1 ] - [ INFO  ] [ org.springframework.web.servlet.DispatcherServlet : 509 ] - FrameworkServlet 'dispatcherServlet': initialization completed in 21 ms
2018-08-26 09:42:26.258 [ Thread-3 ] - [ INFO  ] [ o.s.b.w.s.c.AnnotationConfigServletWebServerApplicationContext : 993 ] - Closing org.springframework.boot.web.servlet.context.AnnotationConfigServletWebServerApplicationContext@4562e04d: startup date [Sun Aug 26 09:42:10 CST 2018]; root of context hierarchy
2018-08-26 09:42:26.260 [ Thread-3 ] - [ INFO  ] [ o.s.jmx.export.annotation.AnnotationMBeanExporter : 451 ] - Unregistering JMX-exposed beans on shutdown
2018-08-26 09:42:26.277 [ localhost-startStop-2 ] - [ INFO  ] [ com.tank.common.filter.TokenFilter : 61 ] - ....destroy login filter loaded resource
2018-08-26 09:43:35.868 [ main ] - [ INFO  ] [ com.tank.App : 50 ] - Starting App on Tank.local with PID 5973 (/Users/fuchun/Javadone/sb_spike/target/classes started by fuchun in /Users/fuchun/Javadone/sb_spike)
2018-08-26 09:43:35.873 [ main ] - [ INFO  ] [ com.tank.App : 659 ] - No active profile set, falling back to default profiles: default
2018-08-26 09:43:36.024 [ main ] - [ INFO  ] [ o.s.b.w.s.c.AnnotationConfigServletWebServerApplicationContext : 590 ] - Refreshing org.springframework.boot.web.servlet.context.AnnotationConfigServletWebServerApplicationContext@4562e04d: startup date [Sun Aug 26 09:43:36 CST 2018]; root of context hierarchy
2018-08-26 09:43:37.853 [ main ] - [ INFO  ] [ o.s.boot.web.embedded.tomcat.TomcatWebServer : 91 ] - Tomcat initialized with port(s): 8080 (http)
2018-08-26 09:43:37.875 [ main ] - [ INFO  ] [ org.apache.coyote.http11.Http11NioProtocol : 180 ] - Initializing ProtocolHandler ["http-nio-8080"]
2018-08-26 09:43:37.889 [ main ] - [ INFO  ] [ org.apache.catalina.core.StandardService : 180 ] - Starting service [Tomcat]
2018-08-26 09:43:37.889 [ main ] - [ INFO  ] [ org.apache.catalina.core.StandardEngine : 180 ] - Starting Servlet Engine: Apache Tomcat/8.5.31
2018-08-26 09:43:37.901 [ localhost-startStop-1 ] - [ INFO  ] [ org.apache.catalina.core.AprLifecycleListener : 180 ] - The APR based Apache Tomcat Native library which allows optimal performance in production environments was not found on the java.library.path: [/Users/fuchun/Library/Java/Extensions:/Library/Java/Extensions:/Network/Library/Java/Extensions:/System/Library/Java/Extensions:/usr/lib/java:.]
2018-08-26 09:43:38.038 [ localhost-startStop-1 ] - [ INFO  ] [ o.a.c.core.ContainerBase.[Tomcat].[localhost].[/] : 180 ] - Initializing Spring embedded WebApplicationContext
2018-08-26 09:43:38.039 [ localhost-startStop-1 ] - [ INFO  ] [ org.springframework.web.context.ContextLoader : 285 ] - Root WebApplicationContext: initialization completed in 2015 ms
2018-08-26 09:43:38.253 [ localhost-startStop-1 ] - [ INFO  ] [ o.s.boot.web.servlet.ServletRegistrationBean : 186 ] - Servlet dispatcherServlet mapped to [/]
2018-08-26 09:43:38.263 [ localhost-startStop-1 ] - [ INFO  ] [ o.s.boot.web.servlet.FilterRegistrationBean : 245 ] - Mapping filter: 'characterEncodingFilter' to: [/*]
2018-08-26 09:43:38.263 [ localhost-startStop-1 ] - [ INFO  ] [ o.s.boot.web.servlet.FilterRegistrationBean : 245 ] - Mapping filter: 'hiddenHttpMethodFilter' to: [/*]
2018-08-26 09:43:38.264 [ localhost-startStop-1 ] - [ INFO  ] [ o.s.boot.web.servlet.FilterRegistrationBean : 245 ] - Mapping filter: 'httpPutFormContentFilter' to: [/*]
2018-08-26 09:43:38.264 [ localhost-startStop-1 ] - [ INFO  ] [ o.s.boot.web.servlet.FilterRegistrationBean : 245 ] - Mapping filter: 'requestContextFilter' to: [/*]
2018-08-26 09:43:38.264 [ localhost-startStop-1 ] - [ INFO  ] [ o.s.boot.web.servlet.FilterRegistrationBean : 258 ] - Mapping filter: 'loginFilter' to urls: [/api/*]
2018-08-26 09:43:38.329 [ localhost-startStop-1 ] - [ INFO  ] [ com.tank.common.filter.TokenFilter : 27 ] - ...init loginFilter....
2018-08-26 09:43:38.652 [ main ] - [ INFO  ] [ o.s.web.servlet.handler.SimpleUrlHandlerMapping : 373 ] - Mapped URL path [/**/favicon.ico] onto handler of type [class org.springframework.web.servlet.resource.ResourceHttpRequestHandler]
2018-08-26 09:43:38.783 [ main ] - [ INFO  ] [ o.s.w.s.m.m.a.RequestMappingHandlerAdapter : 574 ] - Looking for @ControllerAdvice: org.springframework.boot.web.servlet.context.AnnotationConfigServletWebServerApplicationContext@4562e04d: startup date [Sun Aug 26 09:43:36 CST 2018]; root of context hierarchy
2018-08-26 09:43:38.946 [ main ] - [ INFO  ] [ o.s.w.s.m.m.a.RequestMappingHandlerMapping : 547 ] - Mapped "{[/api/datasource/create],methods=[POST]}" onto public org.springframework.http.ResponseEntity com.tank.controller.datasource.DataSourceController.create(java.util.Map<java.lang.String, java.lang.Object>)
2018-08-26 09:43:38.949 [ main ] - [ INFO  ] [ o.s.w.s.m.m.a.RequestMappingHandlerMapping : 547 ] - Mapped "{[/api/datasource/list],methods=[GET]}" onto public org.springframework.http.ResponseEntity com.tank.controller.datasource.DataSourceController.list()
2018-08-26 09:43:38.950 [ main ] - [ INFO  ] [ o.s.w.s.m.m.a.RequestMappingHandlerMapping : 547 ] - Mapped "{[/api/datasource/{id}/record],methods=[GET]}" onto public org.springframework.http.ResponseEntity com.tank.controller.datasource.DataSourceController.findBy(java.lang.String)
2018-08-26 09:43:38.955 [ main ] - [ INFO  ] [ o.s.w.s.m.m.a.RequestMappingHandlerMapping : 547 ] - Mapped "{[/error]}" onto public org.springframework.http.ResponseEntity<java.util.Map<java.lang.String, java.lang.Object>> org.springframework.boot.autoconfigure.web.servlet.error.BasicErrorController.error(javax.servlet.http.HttpServletRequest)
2018-08-26 09:43:38.956 [ main ] - [ INFO  ] [ o.s.w.s.m.m.a.RequestMappingHandlerMapping : 547 ] - Mapped "{[/error],produces=[text/html]}" onto public org.springframework.web.servlet.ModelAndView org.springframework.boot.autoconfigure.web.servlet.error.BasicErrorController.errorHtml(javax.servlet.http.HttpServletRequest,javax.servlet.http.HttpServletResponse)
2018-08-26 09:43:38.995 [ main ] - [ INFO  ] [ o.s.web.servlet.handler.SimpleUrlHandlerMapping : 373 ] - Mapped URL path [/webjars/**] onto handler of type [class org.springframework.web.servlet.resource.ResourceHttpRequestHandler]
2018-08-26 09:43:38.999 [ main ] - [ INFO  ] [ o.s.web.servlet.handler.SimpleUrlHandlerMapping : 373 ] - Mapped URL path [/**] onto handler of type [class org.springframework.web.servlet.resource.ResourceHttpRequestHandler]
2018-08-26 09:43:39.016 [ main ] - [ INFO  ] [ o.s.w.s.m.m.a.ExceptionHandlerExceptionResolver : 288 ] - Detected @ExceptionHandler methods in globalExceptionHandler
2018-08-26 09:43:39.324 [ main ] - [ INFO  ] [ o.s.jmx.export.annotation.AnnotationMBeanExporter : 433 ] - Registering beans for JMX exposure on startup
2018-08-26 09:43:39.342 [ main ] - [ INFO  ] [ org.apache.coyote.http11.Http11NioProtocol : 180 ] - Starting ProtocolHandler ["http-nio-8080"]
2018-08-26 09:43:39.383 [ main ] - [ INFO  ] [ org.apache.tomcat.util.net.NioSelectorPool : 180 ] - Using a shared selector for servlet write/read
2018-08-26 09:43:39.405 [ main ] - [ INFO  ] [ o.s.boot.web.embedded.tomcat.TomcatWebServer : 206 ] - Tomcat started on port(s): 8080 (http) with context path ''
2018-08-26 09:43:39.411 [ main ] - [ INFO  ] [ com.tank.App : 59 ] - Started App in 4.497 seconds (JVM running for 5.892)
2018-08-26 09:43:44.705 [ http-nio-8080-exec-1 ] - [ INFO  ] [ o.a.c.core.ContainerBase.[Tomcat].[localhost].[/] : 180 ] - Initializing Spring FrameworkServlet 'dispatcherServlet'
2018-08-26 09:43:44.706 [ http-nio-8080-exec-1 ] - [ INFO  ] [ org.springframework.web.servlet.DispatcherServlet : 494 ] - FrameworkServlet 'dispatcherServlet': initialization started
2018-08-26 09:43:44.732 [ http-nio-8080-exec-1 ] - [ INFO  ] [ org.springframework.web.servlet.DispatcherServlet : 509 ] - FrameworkServlet 'dispatcherServlet': initialization completed in 26 ms
2018-08-26 10:07:08.656 [ Thread-3 ] - [ INFO  ] [ o.s.b.w.s.c.AnnotationConfigServletWebServerApplicationContext : 993 ] - Closing org.springframework.boot.web.servlet.context.AnnotationConfigServletWebServerApplicationContext@4562e04d: startup date [Sun Aug 26 09:43:36 CST 2018]; root of context hierarchy
2018-08-26 10:07:08.686 [ Thread-3 ] - [ INFO  ] [ o.s.jmx.export.annotation.AnnotationMBeanExporter : 451 ] - Unregistering JMX-exposed beans on shutdown
2018-08-26 10:07:08.763 [ localhost-startStop-2 ] - [ INFO  ] [ com.tank.common.filter.TokenFilter : 61 ] - ....destroy login filter loaded resource
2018-08-26 10:07:11.828 [ main ] - [ INFO  ] [ com.tank.App : 50 ] - Starting App on Tank.local with PID 6311 (/Users/fuchun/Javadone/sb_spike/target/classes started by fuchun in /Users/fuchun/Javadone/sb_spike)
2018-08-26 10:07:11.835 [ main ] - [ INFO  ] [ com.tank.App : 659 ] - No active profile set, falling back to default profiles: default
2018-08-26 10:07:11.993 [ main ] - [ INFO  ] [ o.s.b.w.s.c.AnnotationConfigServletWebServerApplicationContext : 590 ] - Refreshing org.springframework.boot.web.servlet.context.AnnotationConfigServletWebServerApplicationContext@4562e04d: startup date [Sun Aug 26 10:07:11 CST 2018]; root of context hierarchy
2018-08-26 10:07:14.784 [ main ] - [ INFO  ] [ o.s.boot.web.embedded.tomcat.TomcatWebServer : 91 ] - Tomcat initialized with port(s): 8080 (http)
2018-08-26 10:07:14.842 [ main ] - [ INFO  ] [ org.apache.coyote.http11.Http11NioProtocol : 180 ] - Initializing ProtocolHandler ["http-nio-8080"]
2018-08-26 10:07:14.858 [ main ] - [ INFO  ] [ org.apache.catalina.core.StandardService : 180 ] - Starting service [Tomcat]
2018-08-26 10:07:14.858 [ main ] - [ INFO  ] [ org.apache.catalina.core.StandardEngine : 180 ] - Starting Servlet Engine: Apache Tomcat/8.5.31
2018-08-26 10:07:14.898 [ localhost-startStop-1 ] - [ INFO  ] [ org.apache.catalina.core.AprLifecycleListener : 180 ] - The APR based Apache Tomcat Native library which allows optimal performance in production environments was not found on the java.library.path: [/Users/fuchun/Library/Java/Extensions:/Library/Java/Extensions:/Network/Library/Java/Extensions:/System/Library/Java/Extensions:/usr/lib/java:.]
2018-08-26 10:07:15.130 [ localhost-startStop-1 ] - [ INFO  ] [ o.a.c.core.ContainerBase.[Tomcat].[localhost].[/] : 180 ] - Initializing Spring embedded WebApplicationContext
2018-08-26 10:07:15.130 [ localhost-startStop-1 ] - [ INFO  ] [ org.springframework.web.context.ContextLoader : 285 ] - Root WebApplicationContext: initialization completed in 3138 ms
2018-08-26 10:07:15.588 [ localhost-startStop-1 ] - [ INFO  ] [ o.s.boot.web.servlet.ServletRegistrationBean : 186 ] - Servlet dispatcherServlet mapped to [/]
2018-08-26 10:07:15.593 [ localhost-startStop-1 ] - [ INFO  ] [ o.s.boot.web.servlet.FilterRegistrationBean : 245 ] - Mapping filter: 'characterEncodingFilter' to: [/*]
2018-08-26 10:07:15.594 [ localhost-startStop-1 ] - [ INFO  ] [ o.s.boot.web.servlet.FilterRegistrationBean : 245 ] - Mapping filter: 'hiddenHttpMethodFilter' to: [/*]
2018-08-26 10:07:15.594 [ localhost-startStop-1 ] - [ INFO  ] [ o.s.boot.web.servlet.FilterRegistrationBean : 245 ] - Mapping filter: 'httpPutFormContentFilter' to: [/*]
2018-08-26 10:07:15.594 [ localhost-startStop-1 ] - [ INFO  ] [ o.s.boot.web.servlet.FilterRegistrationBean : 245 ] - Mapping filter: 'requestContextFilter' to: [/*]
2018-08-26 10:07:15.595 [ localhost-startStop-1 ] - [ INFO  ] [ o.s.boot.web.servlet.FilterRegistrationBean : 258 ] - Mapping filter: 'loginFilter' to urls: [/api/*]
2018-08-26 10:07:15.679 [ localhost-startStop-1 ] - [ INFO  ] [ com.tank.common.filter.TokenFilter : 27 ] - ...init loginFilter....
2018-08-26 10:07:16.242 [ main ] - [ INFO  ] [ o.s.web.servlet.handler.SimpleUrlHandlerMapping : 373 ] - Mapped URL path [/**/favicon.ico] onto handler of type [class org.springframework.web.servlet.resource.ResourceHttpRequestHandler]
2018-08-26 10:07:16.432 [ main ] - [ INFO  ] [ o.s.w.s.m.m.a.RequestMappingHandlerAdapter : 574 ] - Looking for @ControllerAdvice: org.springframework.boot.web.servlet.context.AnnotationConfigServletWebServerApplicationContext@4562e04d: startup date [Sun Aug 26 10:07:11 CST 2018]; root of context hierarchy
2018-08-26 10:07:16.625 [ main ] - [ INFO  ] [ o.s.w.s.m.m.a.RequestMappingHandlerMapping : 547 ] - Mapped "{[/api/datasource/create],methods=[POST]}" onto public org.springframework.http.ResponseEntity com.tank.controller.datasource.DataSourceController.create(java.util.Map<java.lang.String, java.lang.Object>)
2018-08-26 10:07:16.628 [ main ] - [ INFO  ] [ o.s.w.s.m.m.a.RequestMappingHandlerMapping : 547 ] - Mapped "{[/api/datasource/list],methods=[GET]}" onto public org.springframework.http.ResponseEntity com.tank.controller.datasource.DataSourceController.list()
2018-08-26 10:07:16.629 [ main ] - [ INFO  ] [ o.s.w.s.m.m.a.RequestMappingHandlerMapping : 547 ] - Mapped "{[/api/datasource/{id}/record],methods=[GET]}" onto public org.springframework.http.ResponseEntity com.tank.controller.datasource.DataSourceController.findBy(java.lang.String)
2018-08-26 10:07:16.630 [ main ] - [ INFO  ] [ o.s.w.s.m.m.a.RequestMappingHandlerMapping : 547 ] - Mapped "{[/quickbi/login],methods=[POST]}" onto public org.springframework.http.ResponseEntity com.tank.controller.login.LoginController.login(java.util.Map<java.lang.String, java.lang.String>)
2018-08-26 10:07:16.650 [ main ] - [ INFO  ] [ o.s.w.s.m.m.a.RequestMappingHandlerMapping : 547 ] - Mapped "{[/error]}" onto public org.springframework.http.ResponseEntity<java.util.Map<java.lang.String, java.lang.Object>> org.springframework.boot.autoconfigure.web.servlet.error.BasicErrorController.error(javax.servlet.http.HttpServletRequest)
2018-08-26 10:07:16.652 [ main ] - [ INFO  ] [ o.s.w.s.m.m.a.RequestMappingHandlerMapping : 547 ] - Mapped "{[/error],produces=[text/html]}" onto public org.springframework.web.servlet.ModelAndView org.springframework.boot.autoconfigure.web.servlet.error.BasicErrorController.errorHtml(javax.servlet.http.HttpServletRequest,javax.servlet.http.HttpServletResponse)
2018-08-26 10:07:16.700 [ main ] - [ INFO  ] [ o.s.web.servlet.handler.SimpleUrlHandlerMapping : 373 ] - Mapped URL path [/webjars/**] onto handler of type [class org.springframework.web.servlet.resource.ResourceHttpRequestHandler]
2018-08-26 10:07:16.700 [ main ] - [ INFO  ] [ o.s.web.servlet.handler.SimpleUrlHandlerMapping : 373 ] - Mapped URL path [/**] onto handler of type [class org.springframework.web.servlet.resource.ResourceHttpRequestHandler]
2018-08-26 10:07:16.726 [ main ] - [ INFO  ] [ o.s.w.s.m.m.a.ExceptionHandlerExceptionResolver : 288 ] - Detected @ExceptionHandler methods in globalExceptionHandler
2018-08-26 10:07:17.101 [ main ] - [ INFO  ] [ o.s.jmx.export.annotation.AnnotationMBeanExporter : 433 ] - Registering beans for JMX exposure on startup
2018-08-26 10:07:17.120 [ main ] - [ INFO  ] [ org.apache.coyote.http11.Http11NioProtocol : 180 ] - Starting ProtocolHandler ["http-nio-8080"]
2018-08-26 10:07:17.189 [ main ] - [ INFO  ] [ org.apache.tomcat.util.net.NioSelectorPool : 180 ] - Using a shared selector for servlet write/read
2018-08-26 10:07:17.215 [ main ] - [ INFO  ] [ o.s.boot.web.embedded.tomcat.TomcatWebServer : 206 ] - Tomcat started on port(s): 8080 (http) with context path ''
2018-08-26 10:07:17.222 [ main ] - [ INFO  ] [ com.tank.App : 59 ] - Started App in 6.376 seconds (JVM running for 7.825)
2018-08-26 10:08:09.005 [ Thread-3 ] - [ INFO  ] [ o.s.b.w.s.c.AnnotationConfigServletWebServerApplicationContext : 993 ] - Closing org.springframework.boot.web.servlet.context.AnnotationConfigServletWebServerApplicationContext@4562e04d: startup date [Sun Aug 26 10:07:11 CST 2018]; root of context hierarchy
2018-08-26 10:08:09.009 [ Thread-3 ] - [ INFO  ] [ o.s.jmx.export.annotation.AnnotationMBeanExporter : 451 ] - Unregistering JMX-exposed beans on shutdown
2018-08-26 10:08:09.074 [ localhost-startStop-2 ] - [ INFO  ] [ com.tank.common.filter.TokenFilter : 61 ] - ....destroy login filter loaded resource
2018-08-26 10:08:19.801 [ main ] - [ INFO  ] [ com.tank.App : 50 ] - Starting App on Tank.local with PID 6332 (/Users/fuchun/Javadone/sb_spike/target/classes started by fuchun in /Users/fuchun/Javadone/sb_spike)
2018-08-26 10:08:19.809 [ main ] - [ INFO  ] [ com.tank.App : 659 ] - No active profile set, falling back to default profiles: default
2018-08-26 10:08:19.926 [ main ] - [ INFO  ] [ o.s.b.w.s.c.AnnotationConfigServletWebServerApplicationContext : 590 ] - Refreshing org.springframework.boot.web.servlet.context.AnnotationConfigServletWebServerApplicationContext@313ac989: startup date [Sun Aug 26 10:08:19 CST 2018]; root of context hierarchy
2018-08-26 10:08:22.361 [ main ] - [ INFO  ] [ o.s.boot.web.embedded.tomcat.TomcatWebServer : 91 ] - Tomcat initialized with port(s): 8080 (http)
2018-08-26 10:08:22.385 [ main ] - [ INFO  ] [ org.apache.coyote.http11.Http11NioProtocol : 180 ] - Initializing ProtocolHandler ["http-nio-8080"]
2018-08-26 10:08:22.423 [ main ] - [ INFO  ] [ org.apache.catalina.core.StandardService : 180 ] - Starting service [Tomcat]
2018-08-26 10:08:22.423 [ main ] - [ INFO  ] [ org.apache.catalina.core.StandardEngine : 180 ] - Starting Servlet Engine: Apache Tomcat/8.5.31
2018-08-26 10:08:22.441 [ localhost-startStop-1 ] - [ INFO  ] [ org.apache.catalina.core.AprLifecycleListener : 180 ] - The APR based Apache Tomcat Native library which allows optimal performance in production environments was not found on the java.library.path: [/Users/fuchun/Library/Java/Extensions:/Library/Java/Extensions:/Network/Library/Java/Extensions:/System/Library/Java/Extensions:/usr/lib/java:.]
2018-08-26 10:08:22.652 [ localhost-startStop-1 ] - [ INFO  ] [ o.a.c.core.ContainerBase.[Tomcat].[localhost].[/] : 180 ] - Initializing Spring embedded WebApplicationContext
2018-08-26 10:08:22.653 [ localhost-startStop-1 ] - [ INFO  ] [ org.springframework.web.context.ContextLoader : 285 ] - Root WebApplicationContext: initialization completed in 2727 ms
2018-08-26 10:08:22.838 [ localhost-startStop-1 ] - [ INFO  ] [ o.s.boot.web.servlet.ServletRegistrationBean : 186 ] - Servlet dispatcherServlet mapped to [/]
2018-08-26 10:08:22.843 [ localhost-startStop-1 ] - [ INFO  ] [ o.s.boot.web.servlet.FilterRegistrationBean : 245 ] - Mapping filter: 'characterEncodingFilter' to: [/*]
2018-08-26 10:08:22.844 [ localhost-startStop-1 ] - [ INFO  ] [ o.s.boot.web.servlet.FilterRegistrationBean : 245 ] - Mapping filter: 'hiddenHttpMethodFilter' to: [/*]
2018-08-26 10:08:22.857 [ localhost-startStop-1 ] - [ INFO  ] [ o.s.boot.web.servlet.FilterRegistrationBean : 245 ] - Mapping filter: 'httpPutFormContentFilter' to: [/*]
2018-08-26 10:08:22.858 [ localhost-startStop-1 ] - [ INFO  ] [ o.s.boot.web.servlet.FilterRegistrationBean : 245 ] - Mapping filter: 'requestContextFilter' to: [/*]
2018-08-26 10:08:22.859 [ localhost-startStop-1 ] - [ INFO  ] [ o.s.boot.web.servlet.FilterRegistrationBean : 258 ] - Mapping filter: 'loginFilter' to urls: [/api/*]
2018-08-26 10:08:22.917 [ localhost-startStop-1 ] - [ INFO  ] [ com.tank.common.filter.TokenFilter : 27 ] - ...init loginFilter....
2018-08-26 10:08:23.298 [ main ] - [ INFO  ] [ o.s.web.servlet.handler.SimpleUrlHandlerMapping : 373 ] - Mapped URL path [/**/favicon.ico] onto handler of type [class org.springframework.web.servlet.resource.ResourceHttpRequestHandler]
2018-08-26 10:08:23.461 [ main ] - [ INFO  ] [ o.s.w.s.m.m.a.RequestMappingHandlerAdapter : 574 ] - Looking for @ControllerAdvice: org.springframework.boot.web.servlet.context.AnnotationConfigServletWebServerApplicationContext@313ac989: startup date [Sun Aug 26 10:08:19 CST 2018]; root of context hierarchy
2018-08-26 10:08:23.596 [ main ] - [ INFO  ] [ o.s.w.s.m.m.a.RequestMappingHandlerMapping : 547 ] - Mapped "{[/api/datasource/create],methods=[POST]}" onto public org.springframework.http.ResponseEntity com.tank.controller.datasource.DataSourceController.create(java.util.Map<java.lang.String, java.lang.Object>)
2018-08-26 10:08:23.601 [ main ] - [ INFO  ] [ o.s.w.s.m.m.a.RequestMappingHandlerMapping : 547 ] - Mapped "{[/api/datasource/list],methods=[GET]}" onto public org.springframework.http.ResponseEntity com.tank.controller.datasource.DataSourceController.list()
2018-08-26 10:08:23.602 [ main ] - [ INFO  ] [ o.s.w.s.m.m.a.RequestMappingHandlerMapping : 547 ] - Mapped "{[/api/datasource/{id}/record],methods=[GET]}" onto public org.springframework.http.ResponseEntity com.tank.controller.datasource.DataSourceController.findBy(java.lang.String)
2018-08-26 10:08:23.604 [ main ] - [ INFO  ] [ o.s.w.s.m.m.a.RequestMappingHandlerMapping : 547 ] - Mapped "{[/quickbi/login],methods=[POST]}" onto public org.springframework.http.ResponseEntity com.tank.controller.login.LoginController.login(java.util.Map<java.lang.String, java.lang.String>)
2018-08-26 10:08:23.610 [ main ] - [ INFO  ] [ o.s.w.s.m.m.a.RequestMappingHandlerMapping : 547 ] - Mapped "{[/error]}" onto public org.springframework.http.ResponseEntity<java.util.Map<java.lang.String, java.lang.Object>> org.springframework.boot.autoconfigure.web.servlet.error.BasicErrorController.error(javax.servlet.http.HttpServletRequest)
2018-08-26 10:08:23.611 [ main ] - [ INFO  ] [ o.s.w.s.m.m.a.RequestMappingHandlerMapping : 547 ] - Mapped "{[/error],produces=[text/html]}" onto public org.springframework.web.servlet.ModelAndView org.springframework.boot.autoconfigure.web.servlet.error.BasicErrorController.errorHtml(javax.servlet.http.HttpServletRequest,javax.servlet.http.HttpServletResponse)
2018-08-26 10:08:23.656 [ main ] - [ INFO  ] [ o.s.web.servlet.handler.SimpleUrlHandlerMapping : 373 ] - Mapped URL path [/webjars/**] onto handler of type [class org.springframework.web.servlet.resource.ResourceHttpRequestHandler]
2018-08-26 10:08:23.657 [ main ] - [ INFO  ] [ o.s.web.servlet.handler.SimpleUrlHandlerMapping : 373 ] - Mapped URL path [/**] onto handler of type [class org.springframework.web.servlet.resource.ResourceHttpRequestHandler]
2018-08-26 10:08:23.678 [ main ] - [ INFO  ] [ o.s.w.s.m.m.a.ExceptionHandlerExceptionResolver : 288 ] - Detected @ExceptionHandler methods in globalExceptionHandler
2018-08-26 10:08:24.004 [ main ] - [ INFO  ] [ o.s.jmx.export.annotation.AnnotationMBeanExporter : 433 ] - Registering beans for JMX exposure on startup
2018-08-26 10:08:24.028 [ main ] - [ INFO  ] [ org.apache.coyote.http11.Http11NioProtocol : 180 ] - Starting ProtocolHandler ["http-nio-8080"]
2018-08-26 10:08:24.066 [ main ] - [ INFO  ] [ org.apache.tomcat.util.net.NioSelectorPool : 180 ] - Using a shared selector for servlet write/read
2018-08-26 10:08:24.099 [ main ] - [ INFO  ] [ o.s.boot.web.embedded.tomcat.TomcatWebServer : 206 ] - Tomcat started on port(s): 8080 (http) with context path ''
2018-08-26 10:08:24.105 [ main ] - [ INFO  ] [ com.tank.App : 59 ] - Started App in 5.743 seconds (JVM running for 7.493)
2018-08-26 10:09:20.405 [ http-nio-8080-exec-1 ] - [ INFO  ] [ o.a.c.core.ContainerBase.[Tomcat].[localhost].[/] : 180 ] - Initializing Spring FrameworkServlet 'dispatcherServlet'
2018-08-26 10:09:20.405 [ http-nio-8080-exec-1 ] - [ INFO  ] [ org.springframework.web.servlet.DispatcherServlet : 494 ] - FrameworkServlet 'dispatcherServlet': initialization started
2018-08-26 10:09:20.448 [ http-nio-8080-exec-1 ] - [ INFO  ] [ org.springframework.web.servlet.DispatcherServlet : 509 ] - FrameworkServlet 'dispatcherServlet': initialization completed in 42 ms
2018-08-26 10:09:20.478 [ http-nio-8080-exec-1 ] - [ WARN  ] [ org.springframework.web.servlet.PageNotFound : 255 ] - Request method 'GET' not supported
2018-08-26 10:09:41.062 [ http-nio-8080-exec-2 ] - [ WARN  ] [ o.s.w.s.m.support.DefaultHandlerExceptionResolver : 424 ] - Failed to read HTTP message: org.springframework.http.converter.HttpMessageNotReadableException: JSON parse error: Cannot deserialize instance of `java.lang.String` out of START_OBJECT token; nested exception is com.fasterxml.jackson.databind.exc.MismatchedInputException: Cannot deserialize instance of `java.lang.String` out of START_OBJECT token
 at [Source: (PushbackInputStream); line: 2, column: 11] (through reference chain: java.util.LinkedHashMap["query"])
2018-08-26 10:13:30.618 [ Thread-3 ] - [ INFO  ] [ o.s.b.w.s.c.AnnotationConfigServletWebServerApplicationContext : 993 ] - Closing org.springframework.boot.web.servlet.context.AnnotationConfigServletWebServerApplicationContext@313ac989: startup date [Sun Aug 26 10:08:19 CST 2018]; root of context hierarchy
2018-08-26 10:13:30.621 [ Thread-3 ] - [ INFO  ] [ o.s.jmx.export.annotation.AnnotationMBeanExporter : 451 ] - Unregistering JMX-exposed beans on shutdown
2018-08-26 10:13:30.684 [ localhost-startStop-2 ] - [ INFO  ] [ com.tank.common.filter.TokenFilter : 61 ] - ....destroy login filter loaded resource
2018-08-26 10:13:42.044 [ main ] - [ INFO  ] [ com.tank.App : 50 ] - Starting App on Tank.local with PID 6443 (/Users/fuchun/Javadone/sb_spike/target/classes started by fuchun in /Users/fuchun/Javadone/sb_spike)
2018-08-26 10:13:42.052 [ main ] - [ INFO  ] [ com.tank.App : 659 ] - No active profile set, falling back to default profiles: default
2018-08-26 10:13:42.180 [ main ] - [ INFO  ] [ o.s.b.w.s.c.AnnotationConfigServletWebServerApplicationContext : 590 ] - Refreshing org.springframework.boot.web.servlet.context.AnnotationConfigServletWebServerApplicationContext@673be18f: startup date [Sun Aug 26 10:13:42 CST 2018]; root of context hierarchy
2018-08-26 10:13:45.288 [ main ] - [ INFO  ] [ o.s.boot.web.embedded.tomcat.TomcatWebServer : 91 ] - Tomcat initialized with port(s): 8080 (http)
2018-08-26 10:13:45.312 [ main ] - [ INFO  ] [ org.apache.coyote.http11.Http11NioProtocol : 180 ] - Initializing ProtocolHandler ["http-nio-8080"]
2018-08-26 10:13:45.357 [ main ] - [ INFO  ] [ org.apache.catalina.core.StandardService : 180 ] - Starting service [Tomcat]
2018-08-26 10:13:45.358 [ main ] - [ INFO  ] [ org.apache.catalina.core.StandardEngine : 180 ] - Starting Servlet Engine: Apache Tomcat/8.5.31
2018-08-26 10:13:45.389 [ localhost-startStop-1 ] - [ INFO  ] [ org.apache.catalina.core.AprLifecycleListener : 180 ] - The APR based Apache Tomcat Native library which allows optimal performance in production environments was not found on the java.library.path: [/Users/fuchun/Library/Java/Extensions:/Library/Java/Extensions:/Network/Library/Java/Extensions:/System/Library/Java/Extensions:/usr/lib/java:.]
2018-08-26 10:13:45.580 [ localhost-startStop-1 ] - [ INFO  ] [ o.a.c.core.ContainerBase.[Tomcat].[localhost].[/] : 180 ] - Initializing Spring embedded WebApplicationContext
2018-08-26 10:13:45.580 [ localhost-startStop-1 ] - [ INFO  ] [ org.springframework.web.context.ContextLoader : 285 ] - Root WebApplicationContext: initialization completed in 3400 ms
2018-08-26 10:13:46.082 [ localhost-startStop-1 ] - [ INFO  ] [ o.s.boot.web.servlet.ServletRegistrationBean : 186 ] - Servlet dispatcherServlet mapped to [/]
2018-08-26 10:13:46.091 [ localhost-startStop-1 ] - [ INFO  ] [ o.s.boot.web.servlet.FilterRegistrationBean : 245 ] - Mapping filter: 'characterEncodingFilter' to: [/*]
2018-08-26 10:13:46.091 [ localhost-startStop-1 ] - [ INFO  ] [ o.s.boot.web.servlet.FilterRegistrationBean : 245 ] - Mapping filter: 'hiddenHttpMethodFilter' to: [/*]
2018-08-26 10:13:46.092 [ localhost-startStop-1 ] - [ INFO  ] [ o.s.boot.web.servlet.FilterRegistrationBean : 245 ] - Mapping filter: 'httpPutFormContentFilter' to: [/*]
2018-08-26 10:13:46.092 [ localhost-startStop-1 ] - [ INFO  ] [ o.s.boot.web.servlet.FilterRegistrationBean : 245 ] - Mapping filter: 'requestContextFilter' to: [/*]
2018-08-26 10:13:46.093 [ localhost-startStop-1 ] - [ INFO  ] [ o.s.boot.web.servlet.FilterRegistrationBean : 258 ] - Mapping filter: 'loginFilter' to urls: [/api/*]
2018-08-26 10:13:46.128 [ localhost-startStop-1 ] - [ INFO  ] [ com.tank.common.filter.TokenFilter : 27 ] - ...init loginFilter....
2018-08-26 10:13:46.655 [ main ] - [ INFO  ] [ o.s.web.servlet.handler.SimpleUrlHandlerMapping : 373 ] - Mapped URL path [/**/favicon.ico] onto handler of type [class org.springframework.web.servlet.resource.ResourceHttpRequestHandler]
2018-08-26 10:13:46.822 [ main ] - [ INFO  ] [ o.s.w.s.m.m.a.RequestMappingHandlerAdapter : 574 ] - Looking for @ControllerAdvice: org.springframework.boot.web.servlet.context.AnnotationConfigServletWebServerApplicationContext@673be18f: startup date [Sun Aug 26 10:13:42 CST 2018]; root of context hierarchy
2018-08-26 10:13:47.109 [ main ] - [ INFO  ] [ o.s.w.s.m.m.a.RequestMappingHandlerMapping : 547 ] - Mapped "{[/api/datasource/create],methods=[POST]}" onto public org.springframework.http.ResponseEntity com.tank.controller.datasource.DataSourceController.create(java.util.Map<java.lang.String, java.lang.Object>)
2018-08-26 10:13:47.113 [ main ] - [ INFO  ] [ o.s.w.s.m.m.a.RequestMappingHandlerMapping : 547 ] - Mapped "{[/api/datasource/list],methods=[GET]}" onto public org.springframework.http.ResponseEntity com.tank.controller.datasource.DataSourceController.list()
2018-08-26 10:13:47.114 [ main ] - [ INFO  ] [ o.s.w.s.m.m.a.RequestMappingHandlerMapping : 547 ] - Mapped "{[/api/datasource/{id}/record],methods=[GET]}" onto public org.springframework.http.ResponseEntity com.tank.controller.datasource.DataSourceController.findBy(java.lang.String)
2018-08-26 10:13:47.118 [ main ] - [ INFO  ] [ o.s.w.s.m.m.a.RequestMappingHandlerMapping : 547 ] - Mapped "{[/quickbi/login],methods=[POST]}" onto public org.springframework.http.ResponseEntity com.tank.controller.login.LoginController.login(java.util.Map<java.lang.String, java.lang.String>)
2018-08-26 10:13:47.122 [ main ] - [ INFO  ] [ o.s.w.s.m.m.a.RequestMappingHandlerMapping : 547 ] - Mapped "{[/error]}" onto public org.springframework.http.ResponseEntity<java.util.Map<java.lang.String, java.lang.Object>> org.springframework.boot.autoconfigure.web.servlet.error.BasicErrorController.error(javax.servlet.http.HttpServletRequest)
2018-08-26 10:13:47.123 [ main ] - [ INFO  ] [ o.s.w.s.m.m.a.RequestMappingHandlerMapping : 547 ] - Mapped "{[/error],produces=[text/html]}" onto public org.springframework.web.servlet.ModelAndView org.springframework.boot.autoconfigure.web.servlet.error.BasicErrorController.errorHtml(javax.servlet.http.HttpServletRequest,javax.servlet.http.HttpServletResponse)
2018-08-26 10:13:47.175 [ main ] - [ INFO  ] [ o.s.web.servlet.handler.SimpleUrlHandlerMapping : 373 ] - Mapped URL path [/webjars/**] onto handler of type [class org.springframework.web.servlet.resource.ResourceHttpRequestHandler]
2018-08-26 10:13:47.175 [ main ] - [ INFO  ] [ o.s.web.servlet.handler.SimpleUrlHandlerMapping : 373 ] - Mapped URL path [/**] onto handler of type [class org.springframework.web.servlet.resource.ResourceHttpRequestHandler]
2018-08-26 10:13:47.197 [ main ] - [ INFO  ] [ o.s.w.s.m.m.a.ExceptionHandlerExceptionResolver : 288 ] - Detected @ExceptionHandler methods in globalExceptionHandler
2018-08-26 10:13:47.462 [ main ] - [ INFO  ] [ o.s.jmx.export.annotation.AnnotationMBeanExporter : 433 ] - Registering beans for JMX exposure on startup
2018-08-26 10:13:47.495 [ main ] - [ INFO  ] [ org.apache.coyote.http11.Http11NioProtocol : 180 ] - Starting ProtocolHandler ["http-nio-8080"]
2018-08-26 10:13:47.539 [ main ] - [ INFO  ] [ org.apache.tomcat.util.net.NioSelectorPool : 180 ] - Using a shared selector for servlet write/read
2018-08-26 10:13:47.561 [ main ] - [ INFO  ] [ o.s.boot.web.embedded.tomcat.TomcatWebServer : 206 ] - Tomcat started on port(s): 8080 (http) with context path ''
2018-08-26 10:13:47.567 [ main ] - [ INFO  ] [ com.tank.App : 59 ] - Started App in 6.83 seconds (JVM running for 9.269)
2018-08-26 10:13:52.479 [ http-nio-8080-exec-1 ] - [ INFO  ] [ o.a.c.core.ContainerBase.[Tomcat].[localhost].[/] : 180 ] - Initializing Spring FrameworkServlet 'dispatcherServlet'
2018-08-26 10:13:52.480 [ http-nio-8080-exec-1 ] - [ INFO  ] [ org.springframework.web.servlet.DispatcherServlet : 494 ] - FrameworkServlet 'dispatcherServlet': initialization started
2018-08-26 10:13:52.544 [ http-nio-8080-exec-1 ] - [ INFO  ] [ org.springframework.web.servlet.DispatcherServlet : 509 ] - FrameworkServlet 'dispatcherServlet': initialization completed in 62 ms
2018-08-26 10:14:04.342 [ http-nio-8080-exec-1 ] - [ INFO  ] [ com.tank.common.filter.TokenFilter : 38 ] - fetch token is: Bearer amFjazIwMTg=
2018-08-26 10:14:11.163 [ Thread-3 ] - [ INFO  ] [ o.s.b.w.s.c.AnnotationConfigServletWebServerApplicationContext : 993 ] - Closing org.springframework.boot.web.servlet.context.AnnotationConfigServletWebServerApplicationContext@673be18f: startup date [Sun Aug 26 10:13:42 CST 2018]; root of context hierarchy
2018-08-26 10:14:11.165 [ Thread-3 ] - [ INFO  ] [ o.s.jmx.export.annotation.AnnotationMBeanExporter : 451 ] - Unregistering JMX-exposed beans on shutdown
2018-08-26 10:14:11.601 [ localhost-startStop-2 ] - [ INFO  ] [ com.tank.common.filter.TokenFilter : 62 ] - ....destroy login filter loaded resource
2018-08-26 17:24:15.577 [ main ] - [ INFO  ] [ com.tank.App : 50 ] - Starting App on Tank.local with PID 7717 (/Users/fuchun/Javadone/sb_spike/target/classes started by fuchun in /Users/fuchun/Javadone/sb_spike)
2018-08-26 17:24:15.581 [ main ] - [ INFO  ] [ com.tank.App : 659 ] - No active profile set, falling back to default profiles: default
2018-08-26 17:24:15.693 [ main ] - [ INFO  ] [ o.s.b.w.s.c.AnnotationConfigServletWebServerApplicationContext : 590 ] - Refreshing org.springframework.boot.web.servlet.context.AnnotationConfigServletWebServerApplicationContext@145f66e3: startup date [Sun Aug 26 17:24:15 CST 2018]; root of context hierarchy
2018-08-26 17:24:18.053 [ main ] - [ INFO  ] [ o.s.boot.web.embedded.tomcat.TomcatWebServer : 91 ] - Tomcat initialized with port(s): 8080 (http)
2018-08-26 17:24:18.075 [ main ] - [ INFO  ] [ org.apache.coyote.http11.Http11NioProtocol : 180 ] - Initializing ProtocolHandler ["http-nio-8080"]
2018-08-26 17:24:18.095 [ main ] - [ INFO  ] [ org.apache.catalina.core.StandardService : 180 ] - Starting service [Tomcat]
2018-08-26 17:24:18.096 [ main ] - [ INFO  ] [ org.apache.catalina.core.StandardEngine : 180 ] - Starting Servlet Engine: Apache Tomcat/8.5.31
2018-08-26 17:24:18.115 [ localhost-startStop-1 ] - [ INFO  ] [ org.apache.catalina.core.AprLifecycleListener : 180 ] - The APR based Apache Tomcat Native library which allows optimal performance in production environments was not found on the java.library.path: [/Users/fuchun/Library/Java/Extensions:/Library/Java/Extensions:/Network/Library/Java/Extensions:/System/Library/Java/Extensions:/usr/lib/java:.]
2018-08-26 17:24:18.287 [ localhost-startStop-1 ] - [ INFO  ] [ o.a.c.core.ContainerBase.[Tomcat].[localhost].[/] : 180 ] - Initializing Spring embedded WebApplicationContext
2018-08-26 17:24:18.288 [ localhost-startStop-1 ] - [ INFO  ] [ org.springframework.web.context.ContextLoader : 285 ] - Root WebApplicationContext: initialization completed in 2595 ms
2018-08-26 17:24:18.507 [ localhost-startStop-1 ] - [ INFO  ] [ o.s.boot.web.servlet.ServletRegistrationBean : 186 ] - Servlet dispatcherServlet mapped to [/]
2018-08-26 17:24:18.516 [ localhost-startStop-1 ] - [ INFO  ] [ o.s.boot.web.servlet.FilterRegistrationBean : 245 ] - Mapping filter: 'characterEncodingFilter' to: [/*]
2018-08-26 17:24:18.517 [ localhost-startStop-1 ] - [ INFO  ] [ o.s.boot.web.servlet.FilterRegistrationBean : 245 ] - Mapping filter: 'hiddenHttpMethodFilter' to: [/*]
2018-08-26 17:24:18.517 [ localhost-startStop-1 ] - [ INFO  ] [ o.s.boot.web.servlet.FilterRegistrationBean : 245 ] - Mapping filter: 'httpPutFormContentFilter' to: [/*]
2018-08-26 17:24:18.518 [ localhost-startStop-1 ] - [ INFO  ] [ o.s.boot.web.servlet.FilterRegistrationBean : 245 ] - Mapping filter: 'requestContextFilter' to: [/*]
2018-08-26 17:24:18.518 [ localhost-startStop-1 ] - [ INFO  ] [ o.s.boot.web.servlet.FilterRegistrationBean : 258 ] - Mapping filter: 'loginFilter' to urls: [/api/*]
2018-08-26 17:24:18.564 [ localhost-startStop-1 ] - [ INFO  ] [ com.tank.common.filter.TokenFilter : 27 ] - ...init loginFilter....
2018-08-26 17:24:19.117 [ main ] - [ INFO  ] [ o.s.web.servlet.handler.SimpleUrlHandlerMapping : 373 ] - Mapped URL path [/**/favicon.ico] onto handler of type [class org.springframework.web.servlet.resource.ResourceHttpRequestHandler]
2018-08-26 17:24:19.256 [ main ] - [ INFO  ] [ o.s.w.s.m.m.a.RequestMappingHandlerAdapter : 574 ] - Looking for @ControllerAdvice: org.springframework.boot.web.servlet.context.AnnotationConfigServletWebServerApplicationContext@145f66e3: startup date [Sun Aug 26 17:24:15 CST 2018]; root of context hierarchy
2018-08-26 17:24:19.428 [ main ] - [ INFO  ] [ o.s.w.s.m.m.a.RequestMappingHandlerMapping : 547 ] - Mapped "{[/api/datasource/create],methods=[POST]}" onto public org.springframework.http.ResponseEntity com.tank.controller.datasource.DataSourceController.create(java.util.Map<java.lang.String, java.lang.Object>)
2018-08-26 17:24:19.431 [ main ] - [ INFO  ] [ o.s.w.s.m.m.a.RequestMappingHandlerMapping : 547 ] - Mapped "{[/api/datasource/list],methods=[GET]}" onto public org.springframework.http.ResponseEntity com.tank.controller.datasource.DataSourceController.list()
2018-08-26 17:24:19.432 [ main ] - [ INFO  ] [ o.s.w.s.m.m.a.RequestMappingHandlerMapping : 547 ] - Mapped "{[/api/datasource/{id}/record],methods=[GET]}" onto public org.springframework.http.ResponseEntity com.tank.controller.datasource.DataSourceController.findBy(java.lang.String)
2018-08-26 17:24:19.434 [ main ] - [ INFO  ] [ o.s.w.s.m.m.a.RequestMappingHandlerMapping : 547 ] - Mapped "{[/quickbi/login],methods=[POST]}" onto public org.springframework.http.ResponseEntity com.tank.controller.login.LoginController.login(java.util.Map<java.lang.String, java.lang.String>)
2018-08-26 17:24:19.438 [ main ] - [ INFO  ] [ o.s.w.s.m.m.a.RequestMappingHandlerMapping : 547 ] - Mapped "{[/error]}" onto public org.springframework.http.ResponseEntity<java.util.Map<java.lang.String, java.lang.Object>> org.springframework.boot.autoconfigure.web.servlet.error.BasicErrorController.error(javax.servlet.http.HttpServletRequest)
2018-08-26 17:24:19.439 [ main ] - [ INFO  ] [ o.s.w.s.m.m.a.RequestMappingHandlerMapping : 547 ] - Mapped "{[/error],produces=[text/html]}" onto public org.springframework.web.servlet.ModelAndView org.springframework.boot.autoconfigure.web.servlet.error.BasicErrorController.errorHtml(javax.servlet.http.HttpServletRequest,javax.servlet.http.HttpServletResponse)
2018-08-26 17:24:19.493 [ main ] - [ INFO  ] [ o.s.web.servlet.handler.SimpleUrlHandlerMapping : 373 ] - Mapped URL path [/webjars/**] onto handler of type [class org.springframework.web.servlet.resource.ResourceHttpRequestHandler]
2018-08-26 17:24:19.493 [ main ] - [ INFO  ] [ o.s.web.servlet.handler.SimpleUrlHandlerMapping : 373 ] - Mapped URL path [/**] onto handler of type [class org.springframework.web.servlet.resource.ResourceHttpRequestHandler]
2018-08-26 17:24:19.510 [ main ] - [ INFO  ] [ o.s.w.s.m.m.a.ExceptionHandlerExceptionResolver : 288 ] - Detected @ExceptionHandler methods in globalExceptionHandler
2018-08-26 17:24:19.878 [ main ] - [ INFO  ] [ o.s.jmx.export.annotation.AnnotationMBeanExporter : 433 ] - Registering beans for JMX exposure on startup
2018-08-26 17:24:19.902 [ main ] - [ INFO  ] [ org.apache.coyote.http11.Http11NioProtocol : 180 ] - Starting ProtocolHandler ["http-nio-8080"]
2018-08-26 17:24:19.947 [ main ] - [ INFO  ] [ org.apache.tomcat.util.net.NioSelectorPool : 180 ] - Using a shared selector for servlet write/read
2018-08-26 17:24:19.968 [ main ] - [ INFO  ] [ o.s.boot.web.embedded.tomcat.TomcatWebServer : 206 ] - Tomcat started on port(s): 8080 (http) with context path ''
2018-08-26 17:24:19.974 [ main ] - [ INFO  ] [ com.tank.App : 59 ] - Started App in 5.363 seconds (JVM running for 6.776)
2018-08-26 17:24:19.985 [ main ] - [ INFO  ] [ com.tank.common.PrePareData : 19 ] - prepare data start
2018-08-26 17:24:37.760 [ Thread-3 ] - [ INFO  ] [ o.s.b.w.s.c.AnnotationConfigServletWebServerApplicationContext : 993 ] - Closing org.springframework.boot.web.servlet.context.AnnotationConfigServletWebServerApplicationContext@145f66e3: startup date [Sun Aug 26 17:24:15 CST 2018]; root of context hierarchy
2018-08-26 17:24:37.763 [ Thread-3 ] - [ INFO  ] [ o.s.jmx.export.annotation.AnnotationMBeanExporter : 451 ] - Unregistering JMX-exposed beans on shutdown
2018-08-26 17:24:37.828 [ localhost-startStop-2 ] - [ INFO  ] [ com.tank.common.filter.TokenFilter : 62 ] - ....destroy login filter loaded resource
